Starting a Gradle Daemon, 1 busy and 1 incompatible and 1 stopped Daemons could not be reused, use --status for details
> Task :expo-gradle-plugin:expo-autolinking-plugin-shared:checkKotlinGradlePluginConfigurationErrors SKIPPED
> Task :gradle-plugin:shared:checkKotlinGradlePluginConfigurationErrors SKIPPED
> Task :gradle-plugin:settings-plugin:checkKotlinGradlePluginConfigurationErrors SKIPPED
> Task :expo-gradle-plugin:expo-autolinking-settings-plugin:checkKotlinGradlePluginConfigurationErrors SKIPPED
> Task :gradle-plugin:settings-plugin:pluginDescriptors UP-TO-DATE
> Task :expo-gradle-plugin:expo-autolinking-settings-plugin:pluginDescriptors UP-TO-DATE
> Task :expo-gradle-plugin:expo-autolinking-settings-plugin:processResources UP-TO-DATE
> Task :gradle-plugin:settings-plugin:processResources UP-TO-DATE
> Task :expo-gradle-plugin:expo-autolinking-plugin-shared:compileKotlin UP-TO-DATE
> Task :gradle-plugin:shared:compileKotlin UP-TO-DATE
> Task :expo-gradle-plugin:expo-autolinking-plugin-shared:compileJava NO-SOURCE
> Task :gradle-plugin:shared:compileJava NO-SOURCE
> Task :expo-gradle-plugin:expo-autolinking-plugin-shared:processResources NO-SOURCE
> Task :gradle-plugin:shared:processResources NO-SOURCE
> Task :expo-gradle-plugin:expo-autolinking-plugin-shared:classes UP-TO-DATE
> Task :gradle-plugin:shared:classes UP-TO-DATE
> Task :gradle-plugin:shared:jar UP-TO-DATE
> Task :expo-gradle-plugin:expo-autolinking-plugin-shared:jar UP-TO-DATE
> Task :gradle-plugin:settings-plugin:compileKotlin UP-TO-DATE
> Task :gradle-plugin:settings-plugin:compileJava NO-SOURCE
> Task :gradle-plugin:settings-plugin:classes UP-TO-DATE
> Task :gradle-plugin:settings-plugin:jar UP-TO-DATE
> Task :expo-gradle-plugin:expo-autolinking-settings-plugin:compileKotlin UP-TO-DATE
> Task :expo-gradle-plugin:expo-autolinking-settings-plugin:compileJava NO-SOURCE
> Task :expo-gradle-plugin:expo-autolinking-settings-plugin:classes UP-TO-DATE
> Task :expo-gradle-plugin:expo-autolinking-settings-plugin:jar UP-TO-DATE
> Task :expo-gradle-plugin:expo-max-sdk-override-plugin:checkKotlinGradlePluginConfigurationErrors SKIPPED
> Task :expo-gradle-plugin:expo-autolinking-plugin:checkKotlinGradlePluginConfigurationErrors SKIPPED
> Task :gradle-plugin:react-native-gradle-plugin:checkKotlinGradlePluginConfigurationErrors SKIPPED
> Task :expo-module-gradle-plugin:checkKotlinGradlePluginConfigurationErrors SKIPPED
> Task :expo-module-gradle-plugin:pluginDescriptors UP-TO-DATE
> Task :expo-module-gradle-plugin:processResources UP-TO-DATE
> Task :expo-gradle-plugin:expo-max-sdk-override-plugin:compileKotlin UP-TO-DATE
> Task :expo-gradle-plugin:expo-autolinking-plugin:compileKotlin UP-TO-DATE
> Task :expo-gradle-plugin:expo-max-sdk-override-plugin:compileJava NO-SOURCE
> Task :expo-gradle-plugin:expo-autolinking-plugin:compileJava NO-SOURCE
> Task :expo-gradle-plugin:expo-autolinking-plugin:pluginDescriptors UP-TO-DATE
> Task :expo-gradle-plugin:expo-max-sdk-override-plugin:pluginDescriptors UP-TO-DATE
> Task :expo-gradle-plugin:expo-max-sdk-override-plugin:processResources UP-TO-DATE
> Task :expo-gradle-plugin:expo-autolinking-plugin:processResources UP-TO-DATE
> Task :expo-gradle-plugin:expo-autolinking-plugin:classes UP-TO-DATE
> Task :expo-gradle-plugin:expo-max-sdk-override-plugin:classes UP-TO-DATE
> Task :expo-gradle-plugin:expo-max-sdk-override-plugin:jar UP-TO-DATE
> Task :expo-gradle-plugin:expo-autolinking-plugin:jar UP-TO-DATE
> Task :gradle-plugin:react-native-gradle-plugin:compileKotlin UP-TO-DATE
> Task :gradle-plugin:react-native-gradle-plugin:compileJava NO-SOURCE
> Task :gradle-plugin:react-native-gradle-plugin:pluginDescriptors UP-TO-DATE
> Task :gradle-plugin:react-native-gradle-plugin:processResources UP-TO-DATE
> Task :gradle-plugin:react-native-gradle-plugin:classes UP-TO-DATE
> Task :gradle-plugin:react-native-gradle-plugin:jar UP-TO-DATE
> Task :expo-module-gradle-plugin:compileKotlin UP-TO-DATE
> Task :expo-module-gradle-plugin:compileJava NO-SOURCE
> Task :expo-module-gradle-plugin:classes UP-TO-DATE
> Task :expo-module-gradle-plugin:jar UP-TO-DATE

> Configure project :
[32m[ExpoRootProject][0m Using the following versions:
  - buildTools:  [32m36.0.0[0m
  - minSdk:      [32m24[0m
  - compileSdk:  [32m36[0m
  - targetSdk:   [32m36[0m
  - ndk:         [32m27.1.12297006[0m
  - kotlin:      [32m2.1.20[0m
  - ksp:         [32m2.1.20-2.0.1[0m

> Configure project :app
 ??  [33mApplying gradle plugin[0m '[32mexpo-max-sdk-override-plugin[0m'
  [expo-max-sdk-override-plugin] This plugin will find all permissions declared with `android:maxSdkVersion`. If there exists a declaration with the `android:maxSdkVersion` annotation and another one without, the plugin will remove the annotation from the final merged manifest. In order to see a log with the changes run a clean build of the app.

> Configure project :expo

Using expo modules
  - [32mexpo-log-box[0m (55.0.7)
  - [32mexpo-constants[0m (55.0.9)

> Configure project :expo-modules-core
Linking react-native-worklets native libs into expo-modules-core build tasks
task ':react-native-worklets:mergeDebugNativeLibs'
task ':react-native-worklets:mergeReleaseNativeLibs'

> Configure project :expo
  - [32mexpo-modules-core[0m (55.0.16)
  - [33m[?][0m [32mexpo-dom-webview[0m (55.0.3)
  - [33m[?][0m [32mexpo-application[0m (55.0.10)
  - [33m[?][0m [32mexpo-asset[0m (55.0.9)
  - [33m[?][0m [32mexpo-crypto[0m (55.0.10)
  - [33m[?][0m [32mexpo-device[0m (55.0.10)
  - [33m[?][0m [32mexpo-file-system[0m (55.0.11)
  - [33m[?][0m [32mexpo-font[0m (55.0.4)
  - [33m[?][0m [32mexpo-image[0m (55.0.6)
  - [33m[?][0m [32mexpo-keep-awake[0m (55.0.4)
  - [33m[?][0m [32mexpo-linking[0m (55.0.8)
  - [33m[?][0m [32mexpo-notifications[0m (55.0.13)
  - [33m[?][0m [32mexpo-router[0m (55.0.7)
  - [33m[?][0m [32mexpo-secure-store[0m (55.0.9)
  - [33m[?][0m [32mexpo-splash-screen[0m (55.0.12)
  - [33m[?][0m [32mexpo-web-browser[0m (55.0.10)


> Task :react-native-screens:externalNativeBuildCleanDebug
> Task :expo-modules-core:externalNativeBuildCleanDebug
> Task :app:externalNativeBuildCleanDebug
> Task :react-native-gesture-handler:externalNativeBuildCleanDebug
> Task :app:externalNativeBuildCleanDebugOptimized

> Task :react-native-gesture-handler:externalNativeBuildCleanRelease
Clean gesturehandler-armeabi-v7a
Clean gesturehandler-arm64-v8a
Clean gesturehandler-x86
Clean gesturehandler-x86_64

> Task :react-native-screens:externalNativeBuildCleanRelease
Clean rnscreens-armeabi-v7a
Clean rnscreens-arm64-v8a
Clean rnscreens-x86
Clean rnscreens-x86_64

> Task :expo-constants:clean
> Task :expo-constants:checkKotlinGradlePluginConfigurationErrors SKIPPED

> Task :expo-modules-core:externalNativeBuildCleanRelease
Clean expo-modules-jsi-armeabi-v7a, expo-modules-core-armeabi-v7a
Clean expo-modules-jsi-arm64-v8a, expo-modules-core-arm64-v8a
Clean expo-modules-jsi-x86, expo-modules-core-x86
Clean expo-modules-jsi-x86_64, expo-modules-core-x86_64

> Task :react-native-worklets:cleanCmakeCache
> Task :react-native-worklets:externalNativeBuildCleanDebug
> Task :react-native-worklets:externalNativeBuildCleanRelease

> Task :app:externalNativeBuildCleanRelease
Clean react_codegen_rnreanimated-armeabi-v7a, react_codegen_safeareacontext-armeabi-v7a, react_codegen_rngesturehandler_codegen-armeabi-v7a, react_codegen_RNCWebViewSpec-armeabi-v7a, react_codegen_rnscreens-armeabi-v7a, appmodules-armeabi-v7a, react_codegen_rnworklets-armeabi-v7a
C/C++: -- GLOB mismatch!
C/C++: -- GLOB mismatch!
C/C++: CMake Error at C:/Users/sangw/OneDrive/Documents/Unreal Projects/CEN/apps/mobile/android/app/build/generated/autolinking/src/main/jni/Android-autolinking.cmake:10 (add_subdirectory):
C/C++:   add_subdirectory given source "C:/Users/sangw/OneDrive/Documents/Unreal
C/C++:   Projects/CEN/apps/mobile/node_modules/react-native-gesture-handler/android/build/generated/source/codegen/jni/"
C/C++:   which is not an existing directory.
C/C++: Call Stack (most recent call first):
C/C++:   C:/Users/sangw/OneDrive/Documents/Unreal Projects/CEN/apps/mobile/node_modules/react-native/ReactAndroid/cmake-utils/ReactNative-application.cmake:94 (include)
C/C++:   CMakeLists.txt:31 (include)
C/C++: CMake Error at C:/Users/sangw/OneDrive/Documents/Unreal Projects/CEN/apps/mobile/android/app/build/generated/autolinking/src/main/jni/Android-autolinking.cmake:14 (add_subdirectory):
C/C++:   add_subdirectory given source "C:/Users/sangw/OneDrive/Documents/Unreal
C/C++:   Projects/CEN/apps/mobile/node_modules/react-native-webview/android/build/generated/source/codegen/jni/"
C/C++:   which is not an existing directory.
C/C++: Call Stack (most recent call first):
C/C++:   C:/Users/sangw/OneDrive/Documents/Unreal Projects/CEN/apps/mobile/node_modules/react-native/ReactAndroid/cmake-utils/ReactNative-application.cmake:94 (include)
C/C++:   CMakeLists.txt:31 (include)
C/C++: CMake Error at C:/Users/sangw/OneDrive/Documents/Unreal Projects/CEN/apps/mobile/android/app/build/generated/autolinking/src/main/jni/Android-autolinking.cmake:15 (add_subdirectory):
C/C++:   add_subdirectory given source "C:/Users/sangw/OneDrive/Documents/Unreal
C/C++:   Projects/CEN/apps/mobile/node_modules/react-native-worklets/android/build/generated/source/codegen/jni/"
C/C++:   which is not an existing directory.
C/C++: Call Stack (most recent call first):
C/C++:   C:/Users/sangw/OneDrive/Documents/Unreal Projects/CEN/apps/mobile/node_modules/react-native/ReactAndroid/cmake-utils/ReactNative-application.cmake:94 (include)
C/C++:   CMakeLists.txt:31 (include)
C/C++: CMake Error at C:/Users/sangw/OneDrive/Documents/Unreal Projects/CEN/apps/mobile/node_modules/react-native/ReactAndroid/cmake-utils/ReactNative-application.cmake:97 (target_link_libraries):
C/C++:   Cannot specify link libraries for target
C/C++:   "react_codegen_rngesturehandler_codegen" which is not built by this
C/C++:   project.
C/C++: Call Stack (most recent call first):
C/C++:   CMakeLists.txt:31 (include)
C/C++: ninja: error: rebuilding 'build.ninja': subcommand failed

> Task :app:externalNativeBuildCleanRelease FAILED
> Task :react-native-safe-area-context:clean
> Task :react-native-webview:clean
> Task :react-native-reanimated:cleanCmakeCache
> Task :expo-log-box:clean
> Task :react-native-gesture-handler:clean
> Task :expo:clean
> Task :react-native-worklets:clean
> Task :react-native-screens:clean
> Task :expo-modules-core:clean

[Incubating] Problems report is available at: file:///C:/Users/sangw/OneDrive/Documents/Unreal%20Projects/CEN/apps/mobile/android/build/reports/problems/problems-report.html

FAILURE: Build failed with an exception.

* What went wrong:
Execution failed for task ':app:externalNativeBuildCleanRelease'.
> com.android.ide.common.process.ProcessException: ninja: Entering directory `C:\Users\sangw\OneDrive\Documents\Unreal Projects\CEN\apps\mobile\android\app\.cxx\RelWithDebInfo\o6c6t4p4\armeabi-v7a'
  [0/2] Re-checking globbed directories...
  [1/2] Re-running CMake...
  -- Configuring incomplete, errors occurred!
  See also "C:/Users/sangw/OneDrive/Documents/Unreal Projects/CEN/apps/mobile/android/app/.cxx/RelWithDebInfo/o6c6t4p4/armeabi-v7a/CMakeFiles/CMakeOutput.log".
  See also "C:/Users/sangw/OneDrive/Documents/Unreal Projects/CEN/apps/mobile/android/app/.cxx/RelWithDebInfo/o6c6t4p4/armeabi-v7a/CMakeFiles/CMakeError.log".
  FAILED: [code=1] build.ninja 
  C:\Users\sangw\AppData\Local\Android\Sdk\cmake\3.22.1\bin\cmake.exe --regenerate-during-build -S"C:\Users\sangw\OneDrive\Documents\Unreal Projects\CEN\apps\mobile\node_modules\react-native\ReactAndroid\cmake-utils\default-app-setup" -B"C:\Users\sangw\OneDrive\Documents\Unreal Projects\CEN\apps\mobile\android\app\.cxx\RelWithDebInfo\o6c6t4p4\armeabi-v7a"
  
  C++ build system [clean] failed while executing:
      @echo off
      "C:\\Users\\sangw\\AppData\\Local\\Android\\Sdk\\cmake\\3.22.1\\bin\\ninja.exe" ^
        -C ^
        "C:\\Users\\sangw\\OneDrive\\Documents\\Unreal Projects\\CEN\\apps\\mobile\\android\\app\\.cxx\\RelWithDebInfo\\o6c6t4p4\\armeabi-v7a" ^
        clean
    from C:\Users\sangw\OneDrive\Documents\Unreal Projects\CEN\apps\mobile\android\app
  -- GLOB mismatch!
  -- GLOB mismatch!
  CMake Error at C:/Users/sangw/OneDrive/Documents/Unreal Projects/CEN/apps/mobile/android/app/build/generated/autolinking/src/main/jni/Android-autolinking.cmake:10 (add_subdirectory):
    add_subdirectory given source "C:/Users/sangw/OneDrive/Documents/Unreal
    Projects/CEN/apps/mobile/node_modules/react-native-gesture-handler/android/build/generated/source/codegen/jni/"
    which is not an existing directory.
  Call Stack (most recent call first):
    C:/Users/sangw/OneDrive/Documents/Unreal Projects/CEN/apps/mobile/node_modules/react-native/ReactAndroid/cmake-utils/ReactNative-application.cmake:94 (include)
    CMakeLists.txt:31 (include)
  
  
  CMake Error at C:/Users/sangw/OneDrive/Documents/Unreal Projects/CEN/apps/mobile/android/app/build/generated/autolinking/src/main/jni/Android-autolinking.cmake:14 (add_subdirectory):
    add_subdirectory given source "C:/Users/sangw/OneDrive/Documents/Unreal
    Projects/CEN/apps/mobile/node_modules/react-native-webview/android/build/generated/source/codegen/jni/"
    which is not an existing directory.
  Call Stack (most recent call first):
    C:/Users/sangw/OneDrive/Documents/Unreal Projects/CEN/apps/mobile/node_modules/react-native/ReactAndroid/cmake-utils/ReactNative-application.cmake:94 (include)
    CMakeLists.txt:31 (include)
  
  
  CMake Error at C:/Users/sangw/OneDrive/Documents/Unreal Projects/CEN/apps/mobile/android/app/build/generated/autolinking/src/main/jni/Android-autolinking.cmake:15 (add_subdirectory):
    add_subdirectory given source "C:/Users/sangw/OneDrive/Documents/Unreal
    Projects/CEN/apps/mobile/node_modules/react-native-worklets/android/build/generated/source/codegen/jni/"
    which is not an existing directory.
  Call Stack (most recent call first):
    C:/Users/sangw/OneDrive/Documents/Unreal Projects/CEN/apps/mobile/node_modules/react-native/ReactAndroid/cmake-utils/ReactNative-application.cmake:94 (include)
    CMakeLists.txt:31 (include)
  
  
  CMake Error at C:/Users/sangw/OneDrive/Documents/Unreal Projects/CEN/apps/mobile/node_modules/react-native/ReactAndroid/cmake-utils/ReactNative-application.cmake:97 (target_link_libraries):
    Cannot specify link libraries for target
    "react_codegen_rngesturehandler_codegen" which is not built by this
    project.
  Call Stack (most recent call first):
    CMakeLists.txt:31 (include)
  
  
  ninja: error: rebuilding 'build.ninja': subcommand failed

* Try:
> Run with --stacktrace option to get the stack trace.
> Run with --info or --debug option to get more log output.
> Run with --scan to generate a Build Scan (Powered by Develocity).
> Get more help at https://help.gradle.org.

Deprecated Gradle features were used in this build, making it incompatible with Gradle 10.

You can use '--warning-mode all' to show the individual deprecation warnings and determine if they come from your own scripts or plugins.

For more on this, please refer to https://docs.gradle.org/9.0.0/userguide/command_line_interface.html#sec:command_line_warnings in the Gradle documentation.

BUILD FAILED in 36s
50 actionable tasks: 22 executed, 28 up-to-date
